2026-05-29 12:24:38,555 - alembic.runtime.migration - INFO - Context impl SQLiteImpl.
2026-05-29 12:24:38,555 - alembic.runtime.migration - INFO - Will assume non-transactional DDL.
2026-05-29 12:24:38,567 - alembic.runtime.plugins - INFO - setting up autogenerate plugin alembic.autogenerate.schemas
2026-05-29 12:24:38,567 - alembic.runtime.plugins - INFO - setting up autogenerate plugin alembic.autogenerate.tables
2026-05-29 12:24:38,567 - alembic.runtime.plugins - INFO - setting up autogenerate plugin alembic.autogenerate.types
2026-05-29 12:24:38,567 - alembic.runtime.plugins - INFO - setting up autogenerate plugin alembic.autogenerate.constraints
2026-05-29 12:24:38,578 - alembic.runtime.plugins - INFO - setting up autogenerate plugin alembic.autogenerate.defaults
2026-05-29 12:24:38,578 - alembic.runtime.plugins - INFO - setting up autogenerate plugin alembic.autogenerate.comments
2026-05-29 12:24:38,599 - alembic.autogenerate.compare.tables - INFO - Detected removed table 'solicitud_estado_historial'
2026-05-29 12:29:16,488 - notificaciones - INFO - [solicitud_creada] Correo enviado a gestock202506@gmail.com (SMTP)
2026-05-29 12:31:01,775 - notificaciones - INFO - [cambio_estado] Correo enviado a gestock202506@gmail.com (SMTP)
2026-05-29 12:52:38,589 - notificaciones - INFO - [cambio_estado] Correo enviado a gestock202506@gmail.com (SMTP)
2026-05-29 19:11:39,925 - alembic.runtime.migration - INFO - Context impl SQLiteImpl.
2026-05-29 19:11:39,927 - alembic.runtime.migration - INFO - Will assume non-transactional DDL.
2026-05-29 19:11:39,946 - alembic.runtime.plugins - INFO - setting up autogenerate plugin alembic.autogenerate.schemas
2026-05-29 19:11:39,946 - alembic.runtime.plugins - INFO - setting up autogenerate plugin alembic.autogenerate.tables
2026-05-29 19:11:39,946 - alembic.runtime.plugins - INFO - setting up autogenerate plugin alembic.autogenerate.types
2026-05-29 19:11:39,946 - alembic.runtime.plugins - INFO - setting up autogenerate plugin alembic.autogenerate.constraints
2026-05-29 19:11:39,946 - alembic.runtime.plugins - INFO - setting up autogenerate plugin alembic.autogenerate.defaults
2026-05-29 19:11:39,946 - alembic.runtime.plugins - INFO - setting up autogenerate plugin alembic.autogenerate.comments
2026-05-29 19:11:39,967 - alembic.autogenerate.compare.tables - INFO - Detected removed table 'solicitud_estado_historial'
2026-05-29 19:16:48,839 - notificaciones - INFO - [solicitud_creada] Correo enviado a joseluismosqueralargacha@gmail.com (SMTP)
2026-05-29 16:58:39,925 - alembic.runtime.migration - INFO - Context impl SQLiteImpl.
2026-05-29 16:58:39,925 - alembic.runtime.migration - INFO - Will assume non-transactional DDL.
2026-05-29 16:58:39,934 - alembic.runtime.plugins - INFO - setting up autogenerate plugin alembic.autogenerate.schemas
2026-05-29 16:58:39,934 - alembic.runtime.plugins - INFO - setting up autogenerate plugin alembic.autogenerate.tables
2026-05-29 16:58:39,934 - alembic.runtime.plugins - INFO - setting up autogenerate plugin alembic.autogenerate.types
2026-05-29 16:58:39,934 - alembic.runtime.plugins - INFO - setting up autogenerate plugin alembic.autogenerate.constraints
2026-05-29 16:58:39,934 - alembic.runtime.plugins - INFO - setting up autogenerate plugin alembic.autogenerate.defaults
2026-05-29 16:58:39,934 - alembic.runtime.plugins - INFO - setting up autogenerate plugin alembic.autogenerate.comments
2026-05-29 16:58:39,968 - alembic.autogenerate.compare.tables - INFO - Detected removed table 'solicitud_estado_historial'
2026-05-29 16:59:50,582 - notificaciones - INFO - [solicitud_creada] Correo enviado a linuxlopez2025@hotmail.com (SMTP)
2026-05-29 22:14:13,279 - alembic.runtime.migration - INFO - Context impl SQLiteImpl.
2026-05-29 22:14:13,279 - alembic.runtime.migration - INFO - Will assume non-transactional DDL.
2026-05-29 22:14:13,308 - alembic.runtime.plugins - INFO - setting up autogenerate plugin alembic.autogenerate.schemas
2026-05-29 22:14:13,308 - alembic.runtime.plugins - INFO - setting up autogenerate plugin alembic.autogenerate.tables
2026-05-29 22:14:13,311 - alembic.runtime.plugins - INFO - setting up autogenerate plugin alembic.autogenerate.types
2026-05-29 22:14:13,311 - alembic.runtime.plugins - INFO - setting up autogenerate plugin alembic.autogenerate.constraints
2026-05-29 22:14:13,311 - alembic.runtime.plugins - INFO - setting up autogenerate plugin alembic.autogenerate.defaults
2026-05-29 22:14:13,311 - alembic.runtime.plugins - INFO - setting up autogenerate plugin alembic.autogenerate.comments
2026-05-29 22:14:13,336 - alembic.autogenerate.compare.tables - INFO - Detected removed table 'solicitud_estado_historial'
2026-05-30 04:28:19,175 - alembic.runtime.migration - INFO - Context impl SQLiteImpl.
2026-05-30 04:28:19,177 - alembic.runtime.migration - INFO - Will assume non-transactional DDL.
2026-05-30 04:28:19,199 - alembic.runtime.plugins - INFO - setting up autogenerate plugin alembic.autogenerate.schemas
2026-05-30 04:28:19,200 - alembic.runtime.plugins - INFO - setting up autogenerate plugin alembic.autogenerate.tables
2026-05-30 04:28:19,200 - alembic.runtime.plugins - INFO - setting up autogenerate plugin alembic.autogenerate.types
2026-05-30 04:28:19,200 - alembic.runtime.plugins - INFO - setting up autogenerate plugin alembic.autogenerate.constraints
2026-05-30 04:28:19,200 - alembic.runtime.plugins - INFO - setting up autogenerate plugin alembic.autogenerate.defaults
2026-05-30 04:28:19,201 - alembic.runtime.plugins - INFO - setting up autogenerate plugin alembic.autogenerate.comments
2026-05-30 04:28:19,223 - alembic.autogenerate.compare.tables - INFO - Detected removed table 'solicitud_estado_historial'
2026-05-30 12:33:26,624 - alembic.runtime.migration - INFO - Context impl SQLiteImpl.
2026-05-30 12:33:26,628 - alembic.runtime.migration - INFO - Will assume non-transactional DDL.
2026-05-30 12:33:26,659 - alembic.runtime.plugins - INFO - setting up autogenerate plugin alembic.autogenerate.schemas
2026-05-30 12:33:26,659 - alembic.runtime.plugins - INFO - setting up autogenerate plugin alembic.autogenerate.tables
2026-05-30 12:33:26,659 - alembic.runtime.plugins - INFO - setting up autogenerate plugin alembic.autogenerate.types
2026-05-30 12:33:26,661 - alembic.runtime.plugins - INFO - setting up autogenerate plugin alembic.autogenerate.constraints
2026-05-30 12:33:26,661 - alembic.runtime.plugins - INFO - setting up autogenerate plugin alembic.autogenerate.defaults
2026-05-30 12:33:26,661 - alembic.runtime.plugins - INFO - setting up autogenerate plugin alembic.autogenerate.comments
2026-05-30 12:33:26,686 - alembic.autogenerate.compare.tables - INFO - Detected removed table 'solicitud_estado_historial'
2026-05-30 08:20:06,099 - alembic.runtime.migration - INFO - Context impl SQLiteImpl.
2026-05-30 08:20:06,101 - alembic.runtime.migration - INFO - Will assume non-transactional DDL.
2026-05-30 08:20:06,150 - alembic.runtime.plugins - INFO - setting up autogenerate plugin alembic.autogenerate.schemas
2026-05-30 08:20:06,150 - alembic.runtime.plugins - INFO - setting up autogenerate plugin alembic.autogenerate.tables
2026-05-30 08:20:06,150 - alembic.runtime.plugins - INFO - setting up autogenerate plugin alembic.autogenerate.types
2026-05-30 08:20:06,150 - alembic.runtime.plugins - INFO - setting up autogenerate plugin alembic.autogenerate.constraints
2026-05-30 08:20:06,150 - alembic.runtime.plugins - INFO - setting up autogenerate plugin alembic.autogenerate.defaults
2026-05-30 08:20:06,150 - alembic.runtime.plugins - INFO - setting up autogenerate plugin alembic.autogenerate.comments
2026-05-30 08:20:06,188 - alembic.autogenerate.compare.tables - INFO - Detected removed table 'solicitud_estado_historial'
2026-05-30 09:10:05,433 - alembic.runtime.migration - INFO - Context impl SQLiteImpl.
2026-05-30 09:10:05,433 - alembic.runtime.migration - INFO - Will assume non-transactional DDL.
2026-05-30 09:10:05,460 - alembic.runtime.plugins - INFO - setting up autogenerate plugin alembic.autogenerate.schemas
2026-05-30 09:10:05,460 - alembic.runtime.plugins - INFO - setting up autogenerate plugin alembic.autogenerate.tables
2026-05-30 09:10:05,460 - alembic.runtime.plugins - INFO - setting up autogenerate plugin alembic.autogenerate.types
2026-05-30 09:10:05,460 - alembic.runtime.plugins - INFO - setting up autogenerate plugin alembic.autogenerate.constraints
2026-05-30 09:10:05,460 - alembic.runtime.plugins - INFO - setting up autogenerate plugin alembic.autogenerate.defaults
2026-05-30 09:10:05,460 - alembic.runtime.plugins - INFO - setting up autogenerate plugin alembic.autogenerate.comments
2026-05-30 09:10:05,484 - alembic.autogenerate.compare.tables - INFO - Detected removed table 'solicitud_estado_historial'
2026-05-30 09:32:44,055 - alembic.runtime.migration - INFO - Context impl SQLiteImpl.
2026-05-30 09:32:44,155 - alembic.runtime.migration - INFO - Will assume non-transactional DDL.
2026-05-30 09:32:44,264 - alembic.runtime.plugins - INFO - setting up autogenerate plugin alembic.autogenerate.schemas
2026-05-30 09:32:44,332 - alembic.runtime.plugins - INFO - setting up autogenerate plugin alembic.autogenerate.tables
2026-05-30 09:32:44,360 - alembic.runtime.plugins - INFO - setting up autogenerate plugin alembic.autogenerate.types
2026-05-30 09:32:44,390 - alembic.runtime.plugins - INFO - setting up autogenerate plugin alembic.autogenerate.constraints
2026-05-30 09:32:44,411 - alembic.runtime.plugins - INFO - setting up autogenerate plugin alembic.autogenerate.defaults
2026-05-30 09:32:44,488 - alembic.runtime.plugins - INFO - setting up autogenerate plugin alembic.autogenerate.comments
2026-05-30 09:32:44,575 - alembic.autogenerate.compare.tables - INFO - Detected removed table 'solicitud_estado_historial'
2026-05-30 10:57:49,524 - alembic.runtime.migration - INFO - Context impl SQLiteImpl.
2026-05-30 10:57:49,524 - alembic.runtime.migration - INFO - Will assume non-transactional DDL.
2026-05-30 10:57:49,551 - alembic.runtime.plugins - INFO - setting up autogenerate plugin alembic.autogenerate.schemas
2026-05-30 10:57:49,553 - alembic.runtime.plugins - INFO - setting up autogenerate plugin alembic.autogenerate.tables
2026-05-30 10:57:49,553 - alembic.runtime.plugins - INFO - setting up autogenerate plugin alembic.autogenerate.types
2026-05-30 10:57:49,553 - alembic.runtime.plugins - INFO - setting up autogenerate plugin alembic.autogenerate.constraints
2026-05-30 10:57:49,555 - alembic.runtime.plugins - INFO - setting up autogenerate plugin alembic.autogenerate.defaults
2026-05-30 10:57:49,555 - alembic.runtime.plugins - INFO - setting up autogenerate plugin alembic.autogenerate.comments
2026-05-30 10:57:49,576 - alembic.autogenerate.compare.tables - INFO - Detected removed table 'solicitud_estado_historial'
2026-05-30 10:59:50,327 - alembic.runtime.migration - INFO - Context impl SQLiteImpl.
2026-05-30 10:59:50,479 - alembic.runtime.migration - INFO - Will assume non-transactional DDL.
2026-05-30 10:59:51,744 - alembic.runtime.plugins - INFO - setting up autogenerate plugin alembic.autogenerate.schemas
2026-05-30 10:59:51,749 - alembic.runtime.plugins - INFO - setting up autogenerate plugin alembic.autogenerate.tables
2026-05-30 10:59:51,752 - alembic.runtime.plugins - INFO - setting up autogenerate plugin alembic.autogenerate.types
2026-05-30 10:59:51,753 - alembic.runtime.plugins - INFO - setting up autogenerate plugin alembic.autogenerate.constraints
2026-05-30 10:59:51,755 - alembic.runtime.plugins - INFO - setting up autogenerate plugin alembic.autogenerate.defaults
2026-05-30 10:59:51,759 - alembic.runtime.plugins - INFO - setting up autogenerate plugin alembic.autogenerate.comments
2026-05-30 10:59:51,794 - alembic.autogenerate.compare.tables - INFO - Detected removed table 'solicitud_estado_historial'
2026-05-30 11:09:23,116 - alembic.runtime.migration - INFO - Context impl SQLiteImpl.
2026-05-30 11:09:23,118 - alembic.runtime.migration - INFO - Will assume non-transactional DDL.
2026-05-30 11:09:23,140 - alembic.runtime.plugins - INFO - setting up autogenerate plugin alembic.autogenerate.schemas
2026-05-30 11:09:23,144 - alembic.runtime.plugins - INFO - setting up autogenerate plugin alembic.autogenerate.tables
2026-05-30 11:09:23,146 - alembic.runtime.plugins - INFO - setting up autogenerate plugin alembic.autogenerate.types
2026-05-30 11:09:23,148 - alembic.runtime.plugins - INFO - setting up autogenerate plugin alembic.autogenerate.constraints
2026-05-30 11:09:23,148 - alembic.runtime.plugins - INFO - setting up autogenerate plugin alembic.autogenerate.defaults
2026-05-30 11:09:23,148 - alembic.runtime.plugins - INFO - setting up autogenerate plugin alembic.autogenerate.comments
2026-05-30 11:09:23,178 - alembic.autogenerate.compare.tables - INFO - Detected removed table 'solicitud_estado_historial'
2026-05-30 11:20:00,448 - alembic.runtime.migration - INFO - Context impl SQLiteImpl.
2026-05-30 11:20:00,448 - alembic.runtime.migration - INFO - Will assume non-transactional DDL.
2026-05-30 11:20:00,493 - alembic.runtime.plugins - INFO - setting up autogenerate plugin alembic.autogenerate.schemas
2026-05-30 11:20:00,495 - alembic.runtime.plugins - INFO - setting up autogenerate plugin alembic.autogenerate.tables
2026-05-30 11:20:00,495 - alembic.runtime.plugins - INFO - setting up autogenerate plugin alembic.autogenerate.types
2026-05-30 11:20:00,495 - alembic.runtime.plugins - INFO - setting up autogenerate plugin alembic.autogenerate.constraints
2026-05-30 11:20:00,495 - alembic.runtime.plugins - INFO - setting up autogenerate plugin alembic.autogenerate.defaults
2026-05-30 11:20:00,495 - alembic.runtime.plugins - INFO - setting up autogenerate plugin alembic.autogenerate.comments
2026-05-30 11:20:00,525 - alembic.autogenerate.compare.tables - INFO - Detected removed table 'solicitud_estado_historial'
2026-05-30 11:27:43,141 - alembic.runtime.migration - INFO - Context impl SQLiteImpl.
2026-05-30 11:27:43,143 - alembic.runtime.migration - INFO - Will assume non-transactional DDL.
2026-05-30 11:27:43,169 - alembic.runtime.plugins - INFO - setting up autogenerate plugin alembic.autogenerate.schemas
2026-05-30 11:27:43,169 - alembic.runtime.plugins - INFO - setting up autogenerate plugin alembic.autogenerate.tables
2026-05-30 11:27:43,169 - alembic.runtime.plugins - INFO - setting up autogenerate plugin alembic.autogenerate.types
2026-05-30 11:27:43,171 - alembic.runtime.plugins - INFO - setting up autogenerate plugin alembic.autogenerate.constraints
2026-05-30 11:27:43,171 - alembic.runtime.plugins - INFO - setting up autogenerate plugin alembic.autogenerate.defaults
2026-05-30 11:27:43,171 - alembic.runtime.plugins - INFO - setting up autogenerate plugin alembic.autogenerate.comments
2026-05-30 11:27:43,188 - alembic.autogenerate.compare.tables - INFO - Detected removed table 'solicitud_estado_historial'
2026-05-30 11:30:33,132 - notificaciones - INFO - [cambio_estado] Correo enviado a joseluismosqueralargacha@gmail.com (SMTP)
2026-05-30 11:32:05,096 - notificaciones - INFO - [solicitud_creada] Correo enviado a hinolopez6@gmail.com (SMTP)
2026-05-30 11:33:48,445 - notificaciones - INFO - [cambio_estado] Correo enviado a hinolopez6@gmail.com (SMTP)
2026-05-30 11:49:12,767 - alembic.runtime.migration - INFO - Context impl SQLiteImpl.
2026-05-30 11:49:12,767 - alembic.runtime.migration - INFO - Will assume non-transactional DDL.
2026-05-30 11:49:12,798 - alembic.runtime.plugins - INFO - setting up autogenerate plugin alembic.autogenerate.schemas
2026-05-30 11:49:12,798 - alembic.runtime.plugins - INFO - setting up autogenerate plugin alembic.autogenerate.tables
2026-05-30 11:49:12,798 - alembic.runtime.plugins - INFO - setting up autogenerate plugin alembic.autogenerate.types
2026-05-30 11:49:12,798 - alembic.runtime.plugins - INFO - setting up autogenerate plugin alembic.autogenerate.constraints
2026-05-30 11:49:12,798 - alembic.runtime.plugins - INFO - setting up autogenerate plugin alembic.autogenerate.defaults
2026-05-30 11:49:12,798 - alembic.runtime.plugins - INFO - setting up autogenerate plugin alembic.autogenerate.comments
2026-05-30 11:49:12,828 - alembic.autogenerate.compare.tables - INFO - Detected removed table 'solicitud_estado_historial'
2026-05-30 11:51:25,220 - notificaciones - INFO - [cambio_estado] Correo enviado a hinolopez6@gmail.com (SMTP)
2026-05-30 12:00:21,210 - alembic.runtime.migration - INFO - Context impl SQLiteImpl.
2026-05-30 12:00:21,211 - alembic.runtime.migration - INFO - Will assume non-transactional DDL.
2026-05-30 12:00:21,240 - alembic.runtime.plugins - INFO - setting up autogenerate plugin alembic.autogenerate.schemas
2026-05-30 12:00:21,240 - alembic.runtime.plugins - INFO - setting up autogenerate plugin alembic.autogenerate.tables
2026-05-30 12:00:21,242 - alembic.runtime.plugins - INFO - setting up autogenerate plugin alembic.autogenerate.types
2026-05-30 12:00:21,242 - alembic.runtime.plugins - INFO - setting up autogenerate plugin alembic.autogenerate.constraints
2026-05-30 12:00:21,244 - alembic.runtime.plugins - INFO - setting up autogenerate plugin alembic.autogenerate.defaults
2026-05-30 12:00:21,245 - alembic.runtime.plugins - INFO - setting up autogenerate plugin alembic.autogenerate.comments
2026-05-30 12:00:21,288 - alembic.autogenerate.compare.tables - INFO - Detected removed table 'solicitud_estado_historial'
2026-05-30 12:07:51,249 - notificaciones - INFO - [solicitud_creada] Correo enviado a hinolopez6@gmail.com (SMTP)
2026-05-30 12:10:28,493 - notificaciones - INFO - Adjuntos al correo: ['C:\\Users\\HinojosaDev\\Downloads\\ADA\\Sft1\\PQRS-1\\assets\\uploads\\sd.png']
2026-05-30 12:10:33,873 - notificaciones - INFO - [cambio_estado] Correo enviado a hinolopez6@gmail.com (SMTP)
2026-05-30 12:41:18,305 - notificaciones - INFO - [cambio_estado] Correo enviado a hinolopez6@gmail.com (SMTP)
2026-05-30 12:49:54,912 - alembic.runtime.migration - INFO - Context impl SQLiteImpl.
2026-05-30 12:49:54,914 - alembic.runtime.migration - INFO - Will assume non-transactional DDL.
2026-05-30 12:49:54,999 - alembic.runtime.plugins - INFO - setting up autogenerate plugin alembic.autogenerate.schemas
2026-05-30 12:49:55,026 - alembic.runtime.plugins - INFO - setting up autogenerate plugin alembic.autogenerate.tables
2026-05-30 12:49:55,028 - alembic.runtime.plugins - INFO - setting up autogenerate plugin alembic.autogenerate.types
2026-05-30 12:49:55,028 - alembic.runtime.plugins - INFO - setting up autogenerate plugin alembic.autogenerate.constraints
2026-05-30 12:49:55,028 - alembic.runtime.plugins - INFO - setting up autogenerate plugin alembic.autogenerate.defaults
2026-05-30 12:49:55,028 - alembic.runtime.plugins - INFO - setting up autogenerate plugin alembic.autogenerate.comments
2026-05-30 12:49:55,071 - alembic.autogenerate.compare.tables - INFO - Detected removed table 'solicitud_estado_historial'
2026-05-30 12:54:16,782 - notificaciones - INFO - Adjuntos al correo: ['C:\\Users\\HinojosaDev\\Downloads\\ADA\\Sft1\\PQRS-1\\assets\\uploads\\icon1.png']
2026-05-30 12:54:22,846 - notificaciones - INFO - [cambio_estado] Correo enviado a hinolopez6@gmail.com (SMTP)
2026-05-30 13:15:06,929 - alembic.runtime.migration - INFO - Context impl SQLiteImpl.
2026-05-30 13:15:06,929 - alembic.runtime.migration - INFO - Will assume non-transactional DDL.
2026-05-30 13:15:06,959 - alembic.runtime.plugins - INFO - setting up autogenerate plugin alembic.autogenerate.schemas
2026-05-30 13:15:06,959 - alembic.runtime.plugins - INFO - setting up autogenerate plugin alembic.autogenerate.tables
2026-05-30 13:15:06,959 - alembic.runtime.plugins - INFO - setting up autogenerate plugin alembic.autogenerate.types
2026-05-30 13:15:06,959 - alembic.runtime.plugins - INFO - setting up autogenerate plugin alembic.autogenerate.constraints
2026-05-30 13:15:06,959 - alembic.runtime.plugins - INFO - setting up autogenerate plugin alembic.autogenerate.defaults
2026-05-30 13:15:06,959 - alembic.runtime.plugins - INFO - setting up autogenerate plugin alembic.autogenerate.comments
2026-05-30 13:15:06,976 - alembic.autogenerate.compare.tables - INFO - Detected removed table 'solicitud_estado_historial'
2026-05-30 13:33:20,585 - alembic.runtime.migration - INFO - Context impl SQLiteImpl.
2026-05-30 13:33:20,586 - alembic.runtime.migration - INFO - Will assume non-transactional DDL.
2026-05-30 13:33:20,602 - alembic.runtime.plugins - INFO - setting up autogenerate plugin alembic.autogenerate.schemas
2026-05-30 13:33:20,602 - alembic.runtime.plugins - INFO - setting up autogenerate plugin alembic.autogenerate.tables
2026-05-30 13:33:20,602 - alembic.runtime.plugins - INFO - setting up autogenerate plugin alembic.autogenerate.types
2026-05-30 13:33:20,602 - alembic.runtime.plugins - INFO - setting up autogenerate plugin alembic.autogenerate.constraints
2026-05-30 13:33:20,602 - alembic.runtime.plugins - INFO - setting up autogenerate plugin alembic.autogenerate.defaults
2026-05-30 13:33:20,611 - alembic.runtime.plugins - INFO - setting up autogenerate plugin alembic.autogenerate.comments
2026-05-30 13:33:20,633 - alembic.autogenerate.compare.tables - INFO - Detected removed table 'solicitud_estado_historial'
2026-05-30 13:49:15,355 - alembic.runtime.migration - INFO - Context impl SQLiteImpl.
2026-05-30 13:49:15,358 - alembic.runtime.migration - INFO - Will assume non-transactional DDL.
2026-05-30 13:49:15,381 - alembic.runtime.plugins - INFO - setting up autogenerate plugin alembic.autogenerate.schemas
2026-05-30 13:49:15,381 - alembic.runtime.plugins - INFO - setting up autogenerate plugin alembic.autogenerate.tables
2026-05-30 13:49:15,382 - alembic.runtime.plugins - INFO - setting up autogenerate plugin alembic.autogenerate.types
2026-05-30 13:49:15,382 - alembic.runtime.plugins - INFO - setting up autogenerate plugin alembic.autogenerate.constraints
2026-05-30 13:49:15,382 - alembic.runtime.plugins - INFO - setting up autogenerate plugin alembic.autogenerate.defaults
2026-05-30 13:49:15,382 - alembic.runtime.plugins - INFO - setting up autogenerate plugin alembic.autogenerate.comments
2026-05-30 13:49:15,408 - alembic.autogenerate.compare.tables - INFO - Detected removed table 'solicitud_estado_historial'
2026-05-30 14:02:18,135 - alembic.runtime.migration - INFO - Context impl SQLiteImpl.
2026-05-30 14:02:18,142 - alembic.runtime.migration - INFO - Will assume non-transactional DDL.
2026-05-30 14:02:18,167 - alembic.runtime.plugins - INFO - setting up autogenerate plugin alembic.autogenerate.schemas
2026-05-30 14:02:18,185 - alembic.runtime.plugins - INFO - setting up autogenerate plugin alembic.autogenerate.tables
2026-05-30 14:02:18,185 - alembic.runtime.plugins - INFO - setting up autogenerate plugin alembic.autogenerate.types
2026-05-30 14:02:18,185 - alembic.runtime.plugins - INFO - setting up autogenerate plugin alembic.autogenerate.constraints
2026-05-30 14:02:18,185 - alembic.runtime.plugins - INFO - setting up autogenerate plugin alembic.autogenerate.defaults
2026-05-30 14:02:18,186 - alembic.runtime.plugins - INFO - setting up autogenerate plugin alembic.autogenerate.comments
2026-05-30 14:02:18,208 - alembic.autogenerate.compare.tables - INFO - Detected removed table 'solicitud_estado_historial'
2026-05-30 22:07:30,826 - alembic.runtime.migration - INFO - Context impl SQLiteImpl.
2026-05-30 22:07:30,828 - alembic.runtime.migration - INFO - Will assume non-transactional DDL.
2026-05-30 22:07:30,844 - alembic.runtime.plugins - INFO - setting up autogenerate plugin alembic.autogenerate.schemas
2026-05-30 22:07:30,844 - alembic.runtime.plugins - INFO - setting up autogenerate plugin alembic.autogenerate.tables
2026-05-30 22:07:30,844 - alembic.runtime.plugins - INFO - setting up autogenerate plugin alembic.autogenerate.types
2026-05-30 22:07:30,844 - alembic.runtime.plugins - INFO - setting up autogenerate plugin alembic.autogenerate.constraints
2026-05-30 22:07:30,844 - alembic.runtime.plugins - INFO - setting up autogenerate plugin alembic.autogenerate.defaults
2026-05-30 22:07:30,844 - alembic.runtime.plugins - INFO - setting up autogenerate plugin alembic.autogenerate.comments
2026-05-30 22:07:30,874 - alembic.autogenerate.compare.tables - INFO - Detected removed table 'solicitud_estado_historial'
2026-05-30 23:35:04,103 - alembic.runtime.migration - INFO - Context impl SQLiteImpl.
2026-05-30 23:35:04,152 - alembic.runtime.migration - INFO - Will assume non-transactional DDL.
2026-05-30 23:35:04,365 - alembic.runtime.plugins - INFO - setting up autogenerate plugin alembic.autogenerate.schemas
2026-05-30 23:35:04,374 - alembic.runtime.plugins - INFO - setting up autogenerate plugin alembic.autogenerate.tables
2026-05-30 23:35:04,391 - alembic.runtime.plugins - INFO - setting up autogenerate plugin alembic.autogenerate.types
2026-05-30 23:35:04,406 - alembic.runtime.plugins - INFO - setting up autogenerate plugin alembic.autogenerate.constraints
2026-05-30 23:35:04,420 - alembic.runtime.plugins - INFO - setting up autogenerate plugin alembic.autogenerate.defaults
2026-05-30 23:35:04,481 - alembic.runtime.plugins - INFO - setting up autogenerate plugin alembic.autogenerate.comments
2026-05-30 23:35:04,583 - alembic.autogenerate.compare.tables - INFO - Detected removed table 'solicitud_estado_historial'
2026-05-31 00:10:14,724 - alembic.runtime.migration - INFO - Context impl SQLiteImpl.
2026-05-31 00:10:14,725 - alembic.runtime.migration - INFO - Will assume non-transactional DDL.
2026-05-31 00:10:14,758 - alembic.runtime.plugins - INFO - setting up autogenerate plugin alembic.autogenerate.schemas
2026-05-31 00:10:14,764 - alembic.runtime.plugins - INFO - setting up autogenerate plugin alembic.autogenerate.tables
2026-05-31 00:10:14,765 - alembic.runtime.plugins - INFO - setting up autogenerate plugin alembic.autogenerate.types
2026-05-31 00:10:14,765 - alembic.runtime.plugins - INFO - setting up autogenerate plugin alembic.autogenerate.constraints
2026-05-31 00:10:14,765 - alembic.runtime.plugins - INFO - setting up autogenerate plugin alembic.autogenerate.defaults
2026-05-31 00:10:14,766 - alembic.runtime.plugins - INFO - setting up autogenerate plugin alembic.autogenerate.comments
2026-05-31 00:10:14,799 - alembic.autogenerate.compare.tables - INFO - Detected removed table 'solicitud_estado_historial'
2026-05-31 00:21:13,539 - alembic.runtime.migration - INFO - Context impl SQLiteImpl.
2026-05-31 00:21:13,541 - alembic.runtime.migration - INFO - Will assume non-transactional DDL.
2026-05-31 00:21:13,580 - alembic.runtime.plugins - INFO - setting up autogenerate plugin alembic.autogenerate.schemas
2026-05-31 00:21:13,580 - alembic.runtime.plugins - INFO - setting up autogenerate plugin alembic.autogenerate.tables
2026-05-31 00:21:13,581 - alembic.runtime.plugins - INFO - setting up autogenerate plugin alembic.autogenerate.types
2026-05-31 00:21:13,582 - alembic.runtime.plugins - INFO - setting up autogenerate plugin alembic.autogenerate.constraints
2026-05-31 00:21:13,582 - alembic.runtime.plugins - INFO - setting up autogenerate plugin alembic.autogenerate.defaults
2026-05-31 00:21:13,582 - alembic.runtime.plugins - INFO - setting up autogenerate plugin alembic.autogenerate.comments
2026-05-31 00:21:13,615 - alembic.autogenerate.compare.tables - INFO - Detected removed table 'solicitud_estado_historial'
2026-05-31 00:40:14,617 - alembic.runtime.migration - INFO - Context impl SQLiteImpl.
2026-05-31 00:40:14,618 - alembic.runtime.migration - INFO - Will assume non-transactional DDL.
2026-05-31 00:40:14,642 - alembic.runtime.plugins - INFO - setting up autogenerate plugin alembic.autogenerate.schemas
2026-05-31 00:40:14,642 - alembic.runtime.plugins - INFO - setting up autogenerate plugin alembic.autogenerate.tables
2026-05-31 00:40:14,642 - alembic.runtime.plugins - INFO - setting up autogenerate plugin alembic.autogenerate.types
2026-05-31 00:40:14,642 - alembic.runtime.plugins - INFO - setting up autogenerate plugin alembic.autogenerate.constraints
2026-05-31 00:40:14,644 - alembic.runtime.plugins - INFO - setting up autogenerate plugin alembic.autogenerate.defaults
2026-05-31 00:40:14,644 - alembic.runtime.plugins - INFO - setting up autogenerate plugin alembic.autogenerate.comments
2026-05-31 00:40:14,669 - alembic.autogenerate.compare.tables - INFO - Detected removed table 'solicitud_estado_historial'
2026-05-31 01:10:26,089 - alembic.runtime.migration - INFO - Context impl SQLiteImpl.
2026-05-31 01:10:26,091 - alembic.runtime.migration - INFO - Will assume non-transactional DDL.
2026-05-31 01:10:26,135 - alembic.runtime.plugins - INFO - setting up autogenerate plugin alembic.autogenerate.schemas
2026-05-31 01:10:26,137 - alembic.runtime.plugins - INFO - setting up autogenerate plugin alembic.autogenerate.tables
2026-05-31 01:10:26,137 - alembic.runtime.plugins - INFO - setting up autogenerate plugin alembic.autogenerate.types
2026-05-31 01:10:26,137 - alembic.runtime.plugins - INFO - setting up autogenerate plugin alembic.autogenerate.constraints
2026-05-31 01:10:26,138 - alembic.runtime.plugins - INFO - setting up autogenerate plugin alembic.autogenerate.defaults
2026-05-31 01:10:26,138 - alembic.runtime.plugins - INFO - setting up autogenerate plugin alembic.autogenerate.comments
2026-05-31 01:10:26,174 - alembic.autogenerate.compare.tables - INFO - Detected removed table 'solicitud_estado_historial'
2026-05-31 01:21:12,478 - alembic.runtime.migration - INFO - Context impl SQLiteImpl.
2026-05-31 01:21:12,478 - alembic.runtime.migration - INFO - Will assume non-transactional DDL.
2026-05-31 01:21:12,502 - alembic.runtime.plugins - INFO - setting up autogenerate plugin alembic.autogenerate.schemas
2026-05-31 01:21:12,505 - alembic.runtime.plugins - INFO - setting up autogenerate plugin alembic.autogenerate.tables
2026-05-31 01:21:12,505 - alembic.runtime.plugins - INFO - setting up autogenerate plugin alembic.autogenerate.types
2026-05-31 01:21:12,505 - alembic.runtime.plugins - INFO - setting up autogenerate plugin alembic.autogenerate.constraints
2026-05-31 01:21:12,505 - alembic.runtime.plugins - INFO - setting up autogenerate plugin alembic.autogenerate.defaults
2026-05-31 01:21:12,505 - alembic.runtime.plugins - INFO - setting up autogenerate plugin alembic.autogenerate.comments
2026-05-31 01:21:12,528 - alembic.autogenerate.compare.tables - INFO - Detected removed table 'solicitud_estado_historial'
2026-05-31 18:36:00,982 - alembic.runtime.migration - INFO - Context impl PostgresqlImpl.
2026-05-31 18:36:00,984 - alembic.runtime.migration - INFO - Will assume transactional DDL.
2026-05-31 18:36:01,394 - alembic.runtime.migration - INFO - Running upgrade  -> ff383e22d5c3, empty message
2026-05-31 18:36:01,695 - alembic.runtime.migration - INFO - Running upgrade ff383e22d5c3 -> add_user_fields_20260423, Add extended user fields
2026-05-31 18:36:31,206 - alembic.runtime.migration - INFO - Context impl PostgresqlImpl.
2026-05-31 18:36:31,207 - alembic.runtime.migration - INFO - Will assume transactional DDL.
2026-05-31 18:36:31,614 - alembic.runtime.migration - INFO - Running upgrade  -> ff383e22d5c3, empty message
2026-05-31 18:36:31,905 - alembic.runtime.migration - INFO - Running upgrade ff383e22d5c3 -> add_user_fields_20260423, Add extended user fields
2026-05-31 18:37:49,764 - alembic.runtime.migration - INFO - Context impl PostgresqlImpl.
2026-05-31 18:37:49,764 - alembic.runtime.migration - INFO - Will assume transactional DDL.
2026-05-31 18:37:50,304 - alembic.runtime.migration - INFO - Running upgrade  -> ff383e22d5c3, empty message
2026-05-31 18:37:50,592 - alembic.runtime.migration - INFO - Running upgrade ff383e22d5c3 -> add_user_fields_20260423, Add extended user fields
2026-05-31 18:37:50,972 - alembic.runtime.migration - INFO - Running upgrade add_user_fields_20260423 -> 7b4987c65ca5, Update solicitud table to match new model
2026-05-31 18:37:51,171 - alembic.runtime.migration - INFO - Running upgrade 7b4987c65ca5 -> 7365db6e7bec, Add area_responsable to solicitud
2026-05-31 18:38:39,075 - alembic.runtime.migration - INFO - Context impl PostgresqlImpl.
2026-05-31 18:38:39,075 - alembic.runtime.migration - INFO - Will assume transactional DDL.
2026-05-31 18:38:39,485 - alembic.runtime.migration - INFO - Running upgrade  -> ff383e22d5c3, empty message
2026-05-31 18:38:39,772 - alembic.runtime.migration - INFO - Running upgrade ff383e22d5c3 -> add_user_fields_20260423, Add extended user fields
2026-05-31 18:38:40,164 - alembic.runtime.migration - INFO - Running upgrade add_user_fields_20260423 -> 7b4987c65ca5, Update solicitud table to match new model
2026-05-31 18:38:40,348 - alembic.runtime.migration - INFO - Running upgrade 7b4987c65ca5 -> 7365db6e7bec, Add area_responsable to solicitud
2026-05-31 18:38:40,735 - alembic.runtime.migration - INFO - Running upgrade 7365db6e7bec -> 9cd2274ba80b, Add respuesta field to solicitud
2026-05-31 18:38:41,108 - alembic.runtime.migration - INFO - Running upgrade 9cd2274ba80b -> add_solicitud_estado_historial, Add historial de cambios de estado a solicitudes
2026-05-31 18:38:41,399 - alembic.runtime.migration - INFO - Running upgrade add_solicitud_estado_historial -> 84808eb97a1f, HU9 y HU11
2026-05-31 18:38:42,354 - alembic.runtime.migration - INFO - Context impl PostgresqlImpl.
2026-05-31 18:38:42,354 - alembic.runtime.migration - INFO - Will assume transactional DDL.
2026-05-31 18:38:42,650 - alembic.runtime.plugins - INFO - setting up autogenerate plugin alembic.autogenerate.schemas
2026-05-31 18:38:42,650 - alembic.runtime.plugins - INFO - setting up autogenerate plugin alembic.autogenerate.tables
2026-05-31 18:38:42,650 - alembic.runtime.plugins - INFO - setting up autogenerate plugin alembic.autogenerate.types
2026-05-31 18:38:42,650 - alembic.runtime.plugins - INFO - setting up autogenerate plugin alembic.autogenerate.constraints
2026-05-31 18:38:42,650 - alembic.runtime.plugins - INFO - setting up autogenerate plugin alembic.autogenerate.defaults
2026-05-31 18:38:42,650 - alembic.runtime.plugins - INFO - setting up autogenerate plugin alembic.autogenerate.comments
2026-05-31 18:38:46,938 - alembic.ddl.postgresql - INFO - Detected sequence named 'solicitud_estado_historial_id_seq' as owned by integer column 'solicitud_estado_historial(id)', assuming SERIAL and omitting
2026-05-31 18:38:46,940 - alembic.autogenerate.compare.tables - INFO - Detected removed table 'solicitud_estado_historial'
2026-05-31 18:38:47,033 - alembic.ddl.postgresql - INFO - Detected sequence named 'usuario_id_seq' as owned by integer column 'usuario(id)', assuming SERIAL and omitting
2026-05-31 18:38:47,128 - alembic.ddl.postgresql - INFO - Detected sequence named 'solicitud_id_seq' as owned by integer column 'solicitud(id)', assuming SERIAL and omitting
2026-05-31 18:38:47,222 - alembic.ddl.postgresql - INFO - Detected sequence named 'solicitudestadohistorial_id_seq' as owned by integer column 'solicitudestadohistorial(id)', assuming SERIAL and omitting
2026-05-31 19:24:05,626 - httpx - INFO - HTTP Request: POST https://app.posthog.com/capture/ "HTTP/1.1 200 OK"
2026-05-31 19:51:20,861 - alembic.runtime.migration - INFO - Context impl PostgresqlImpl.
2026-05-31 19:51:20,861 - alembic.runtime.migration - INFO - Will assume transactional DDL.
2026-05-31 19:51:37,379 - alembic.runtime.migration - INFO - Context impl PostgresqlImpl.
2026-05-31 19:51:37,379 - alembic.runtime.migration - INFO - Will assume transactional DDL.
2026-05-31 19:51:37,777 - alembic.runtime.migration - INFO - Running upgrade  -> ff383e22d5c3, empty message
2026-05-31 19:51:38,078 - alembic.runtime.migration - INFO - Running upgrade ff383e22d5c3 -> add_user_fields_20260423, Add extended user fields
2026-05-31 19:51:38,482 - alembic.runtime.migration - INFO - Running upgrade add_user_fields_20260423 -> 7b4987c65ca5, Update solicitud table to match new model
2026-05-31 19:51:38,679 - alembic.runtime.migration - INFO - Running upgrade 7b4987c65ca5 -> 7365db6e7bec, Add area_responsable to solicitud
2026-05-31 19:51:39,075 - alembic.runtime.migration - INFO - Running upgrade 7365db6e7bec -> 9cd2274ba80b, Add respuesta field to solicitud
2026-05-31 19:51:39,445 - alembic.runtime.migration - INFO - Running upgrade 9cd2274ba80b -> add_solicitud_estado_historial, Add historial de cambios de estado a solicitudes
2026-05-31 19:51:39,647 - alembic.runtime.migration - INFO - Running upgrade add_solicitud_estado_historial -> 84808eb97a1f, HU9 y HU11
2026-05-31 19:51:40,517 - alembic.runtime.migration - INFO - Context impl PostgresqlImpl.
2026-05-31 19:51:40,519 - alembic.runtime.migration - INFO - Will assume transactional DDL.
2026-05-31 19:51:40,808 - alembic.runtime.plugins - INFO - setting up autogenerate plugin alembic.autogenerate.schemas
2026-05-31 19:51:40,810 - alembic.runtime.plugins - INFO - setting up autogenerate plugin alembic.autogenerate.tables
2026-05-31 19:51:40,810 - alembic.runtime.plugins - INFO - setting up autogenerate plugin alembic.autogenerate.types
2026-05-31 19:51:40,810 - alembic.runtime.plugins - INFO - setting up autogenerate plugin alembic.autogenerate.constraints
2026-05-31 19:51:40,811 - alembic.runtime.plugins - INFO - setting up autogenerate plugin alembic.autogenerate.defaults
2026-05-31 19:51:40,811 - alembic.runtime.plugins - INFO - setting up autogenerate plugin alembic.autogenerate.comments
2026-05-31 19:51:42,011 - alembic.ddl.postgresql - INFO - Detected sequence named 'solicitud_estado_historial_id_seq' as owned by integer column 'solicitud_estado_historial(id)', assuming SERIAL and omitting
2026-05-31 19:51:42,018 - alembic.autogenerate.compare.tables - INFO - Detected removed table 'solicitud_estado_historial'
2026-05-31 19:51:42,111 - alembic.ddl.postgresql - INFO - Detected sequence named 'usuario_id_seq' as owned by integer column 'usuario(id)', assuming SERIAL and omitting
2026-05-31 19:51:42,210 - alembic.ddl.postgresql - INFO - Detected sequence named 'solicitud_id_seq' as owned by integer column 'solicitud(id)', assuming SERIAL and omitting
2026-05-31 19:51:42,297 - alembic.ddl.postgresql - INFO - Detected sequence named 'solicitudestadohistorial_id_seq' as owned by integer column 'solicitudestadohistorial(id)', assuming SERIAL and omitting
2026-05-31 19:55:21,888 - alembic.runtime.migration - INFO - Context impl PostgresqlImpl.
2026-05-31 19:55:21,891 - alembic.runtime.migration - INFO - Will assume transactional DDL.
2026-05-31 19:55:22,190 - alembic.runtime.plugins - INFO - setting up autogenerate plugin alembic.autogenerate.schemas
2026-05-31 19:55:22,190 - alembic.runtime.plugins - INFO - setting up autogenerate plugin alembic.autogenerate.tables
2026-05-31 19:55:22,190 - alembic.runtime.plugins - INFO - setting up autogenerate plugin alembic.autogenerate.types
2026-05-31 19:55:22,190 - alembic.runtime.plugins - INFO - setting up autogenerate plugin alembic.autogenerate.constraints
2026-05-31 19:55:22,190 - alembic.runtime.plugins - INFO - setting up autogenerate plugin alembic.autogenerate.defaults
2026-05-31 19:55:22,190 - alembic.runtime.plugins - INFO - setting up autogenerate plugin alembic.autogenerate.comments
2026-05-31 19:55:23,375 - alembic.ddl.postgresql - INFO - Detected sequence named 'solicitud_estado_historial_id_seq' as owned by integer column 'solicitud_estado_historial(id)', assuming SERIAL and omitting
2026-05-31 19:55:23,375 - alembic.autogenerate.compare.tables - INFO - Detected removed table 'solicitud_estado_historial'
2026-05-31 19:55:23,474 - alembic.ddl.postgresql - INFO - Detected sequence named 'solicitudestadohistorial_id_seq' as owned by integer column 'solicitudestadohistorial(id)', assuming SERIAL and omitting
2026-05-31 19:55:23,574 - alembic.ddl.postgresql - INFO - Detected sequence named 'solicitud_id_seq' as owned by integer column 'solicitud(id)', assuming SERIAL and omitting
2026-05-31 19:55:23,674 - alembic.ddl.postgresql - INFO - Detected sequence named 'usuario_id_seq' as owned by integer column 'usuario(id)', assuming SERIAL and omitting
2026-05-31 19:55:38,813 - alembic.runtime.migration - INFO - Context impl PostgresqlImpl.
2026-05-31 19:55:38,815 - alembic.runtime.migration - INFO - Will assume transactional DDL.
2026-05-31 19:55:39,116 - alembic.runtime.migration - INFO - Running upgrade 84808eb97a1f -> cea421f13e28, empty message
2026-05-31 19:55:39,597 - alembic.runtime.migration - INFO - Context impl PostgresqlImpl.
2026-05-31 19:55:39,597 - alembic.runtime.migration - INFO - Will assume transactional DDL.
2026-05-31 19:55:39,891 - alembic.runtime.plugins - INFO - setting up autogenerate plugin alembic.autogenerate.schemas
2026-05-31 19:55:39,891 - alembic.runtime.plugins - INFO - setting up autogenerate plugin alembic.autogenerate.tables
2026-05-31 19:55:39,891 - alembic.runtime.plugins - INFO - setting up autogenerate plugin alembic.autogenerate.types
2026-05-31 19:55:39,891 - alembic.runtime.plugins - INFO - setting up autogenerate plugin alembic.autogenerate.constraints
2026-05-31 19:55:39,891 - alembic.runtime.plugins - INFO - setting up autogenerate plugin alembic.autogenerate.defaults
2026-05-31 19:55:39,891 - alembic.runtime.plugins - INFO - setting up autogenerate plugin alembic.autogenerate.comments
2026-05-31 19:55:41,174 - alembic.ddl.postgresql - INFO - Detected sequence named 'usuario_id_seq' as owned by integer column 'usuario(id)', assuming SERIAL and omitting
2026-05-31 19:55:41,333 - alembic.ddl.postgresql - INFO - Detected sequence named 'solicitud_id_seq' as owned by integer column 'solicitud(id)', assuming SERIAL and omitting
2026-05-31 19:55:41,423 - alembic.ddl.postgresql - INFO - Detected sequence named 'solicitudestadohistorial_id_seq' as owned by integer column 'solicitudestadohistorial(id)', assuming SERIAL and omitting
